# JRE version: Java(TM) SE Runtime Environment (8.0_45-b14) (build 1.8.0_45-b14)
# Java VM: Java HotSpot(TM) 64-Bit Server VM (25.45-b02 mixed mode windows-amd64 compressed oops)
Heap:
 PSYoungGen      total 217600K, used 57311K [0x00000000eab00000, 0x00000000fb880000, 0x0000000100000000)
  eden space 206848K, 22% used [0x00000000eab00000,0x00000000ed901410,0x00000000f7500000)
  from space 10752K, 94% used [0x00000000f7500000,0x00000000f7ef6a20,0x00000000f7f80000)
  to   space 12288K, 0% used [0x00000000fac80000,0x00000000fac80000,0x00000000fb880000)
 ParOldGen       total 57856K, used 12787K [0x00000000c0000000, 0x00000000c3880000, 0x00000000eab00000)
  object space 57856K, 22% used [0x00000000c0000000,0x00000000c0c7cde8,0x00000000c3880000)
 Metaspace       used 29379K, capacity 30338K, committed 30464K, reserved 1075200K
  class space    used 3877K, capacity 4244K, committed 4352K, reserved 1048576K
GC Heap History (10 events):
Event: 10.502 GC heap before
{Heap before GC invocations=6 (full 1):
 PSYoungGen      total 102400K, used 98304K [0x00000000eab00000, 0x00000000f1300000, 0x0000000100000000)
  eden space 98304K, 100% used [0x00000000eab00000,0x00000000f0b00000,0x00000000f0b00000)
  from space 4096K, 0% used [0x00000000f0f00000,0x00000000f0f00000,0x00000000f1300000)
  to   space 4096K, 0% used [0x00000000f0b00000,0x00000000f0b00000,0x00000000f0f00000)
 ParOldGen       total 57856K, used 12755K [0x00000000c0000000, 0x00000000c3880000, 0x00000000eab00000)
  object space 57856K, 22% used [0x00000000c0000000,0x00000000c0c74de8,0x00000000c3880000)
 Metaspace       used 22444K, capacity 22978K, committed 23168K, reserved 1069056K
  class space    used 2940K, capacity 3146K, committed 3200K, reserved 1048576K
Event: 10.622 GC heap after
Heap after GC invocations=6 (full 1):
 PSYoungGen      total 102400K, used 2165K [0x00000000eab00000, 0x00000000f5080000, 0x0000000100000000)
  eden space 98304K, 0% used [0x00000000eab00000,0x00000000eab00000,0x00000000f0b00000)
  from space 4096K, 52% used [0x00000000f0b00000,0x00000000f0d1d500,0x00000000f0f00000)
  to   space 10752K, 0% used [0x00000000f4600000,0x00000000f4600000,0x00000000f5080000)
 ParOldGen       total 57856K, used 12763K [0x00000000c0000000, 0x00000000c3880000, 0x00000000eab00000)
  object space 57856K, 22% used [0x00000000c0000000,0x00000000c0c76de8,0x00000000c3880000)
 Metaspace       used 22444K, capacity 22978K, committed 23168K, reserved 1069056K
  class space    used 2940K, capacity 3146K, committed 3200K, reserved 1048576K
}
Event: 11.171 GC heap before
{Heap before GC invocations=7 (full 1):
 PSYoungGen      total 102400K, used 100469K [0x00000000eab00000, 0x00000000f5080000, 0x0000000100000000)
  eden space 98304K, 100% used [0x00000000eab00000,0x00000000f0b00000,0x00000000f0b00000)
  from space 4096K, 52% used [0x00000000f0b00000,0x00000000f0d1d500,0x00000000f0f00000)
  to   space 10752K, 0% used [0x00000000f4600000,0x00000000f4600000,0x00000000f5080000)
 ParOldGen       total 57856K, used 12763K [0x00000000c0000000, 0x00000000c3880000, 0x00000000eab00000)
  object space 57856K, 22% used [0x00000000c0000000,0x00000000c0c76de8,0x00000000c3880000)
 Metaspace       used 22481K, capacity 23042K, committed 23168K, reserved 1069056K
  class space    used 2942K, capacity 3146K, committed 3200K, reserved 1048576K
Event: 11.179 GC heap after
Heap after GC invocations=7 (full 1):
 PSYoungGen      total 152576K, used 1768K [0x00000000eab00000, 0x00000000f4e00000, 0x0000000100000000)
  eden space 144384K, 0% used [0x00000000eab00000,0x00000000eab00000,0x00000000f3800000)
  from space 8192K, 21% used [0x00000000f4600000,0x00000000f47ba100,0x00000000f4e00000)
  to   space 11264K, 0% used [0x00000000f3800000,0x00000000f3800000,0x00000000f4300000)
 ParOldGen       total 57856K, used 12771K [0x00000000c0000000, 0x00000000c3880000, 0x00000000eab00000)
  object space 57856K, 22% used [0x00000000c0000000,0x00000000c0c78de8,0x00000000c3880000)
 Metaspace       used 22481K, capacity 23042K, committed 23168K, reserved 1069056K
  class space    used 2942K, capacity 3146K, committed 3200K, reserved 1048576K
}
Event: 11.957 GC heap before
{Heap before GC invocations=8 (full 1):
 PSYoungGen      total 152576K, used 146152K [0x00000000eab00000, 0x00000000f4e00000, 0x0000000100000000)
  eden space 144384K, 100% used [0x00000000eab00000,0x00000000f3800000,0x00000000f3800000)
  from space 8192K, 21% used [0x00000000f4600000,0x00000000f47ba100,0x00000000f4e00000)
  to   space 11264K, 0% used [0x00000000f3800000,0x00000000f3800000,0x00000000f4300000)
 ParOldGen       total 57856K, used 12771K [0x00000000c0000000, 0x00000000c3880000, 0x00000000eab00000)
  object space 57856K, 22% used [0x00000000c0000000,0x00000000c0c78de8,0x00000000c3880000)
 Metaspace       used 22487K, capacity 23042K, committed 23168K, reserved 1069056K
  class space    used 2942K, capacity 3146K, committed 3200K, reserved 1048576K
Event: 11.978 GC heap after
Heap after GC invocations=8 (full 1):
 PSYoungGen      total 155648K, used 2532K [0x00000000eab00000, 0x00000000f8e00000, 0x0000000100000000)
  eden space 144384K, 0% used [0x00000000eab00000,0x00000000eab00000,0x00000000f3800000)
  from space 11264K, 22% used [0x00000000f3800000,0x00000000f3a79100,0x00000000f4300000)
  to   space 10752K, 0% used [0x00000000f8380000,0x00000000f8380000,0x00000000f8e00000)
 ParOldGen       total 57856K, used 12771K [0x00000000c0000000, 0x00000000c3880000, 0x00000000eab00000)
  object space 57856K, 22% used [0x00000000c0000000,0x00000000c0c78de8,0x00000000c3880000)
 Metaspace       used 22487K, capacity 23042K, committed 23168K, reserved 1069056K
  class space    used 2942K, capacity 3146K, committed 3200K, reserved 1048576K
}
Event: 13.659 GC heap before
{Heap before GC invocations=9 (full 1):
 PSYoungGen      total 155648K, used 146916K [0x00000000eab00000, 0x00000000f8e00000, 0x0000000100000000)
  eden space 144384K, 100% used [0x00000000eab00000,0x00000000f3800000,0x00000000f3800000)
  from space 11264K, 22% used [0x00000000f3800000,0x00000000f3a79100,0x00000000f4300000)
  to   space 10752K, 0% used [0x00000000f8380000,0x00000000f8380000,0x00000000f8e00000)
 ParOldGen       total 57856K, used 12771K [0x00000000c0000000, 0x00000000c3880000, 0x00000000eab00000)
  object space 57856K, 22% used [0x00000000c0000000,0x00000000c0c78de8,0x00000000c3880000)
 Metaspace       used 24065K, capacity 24802K, committed 24960K, reserved 1071104K
  class space    used 3111K, capacity 3358K, committed 3456K, reserved 1048576K
Event: 13.675 GC heap after
Heap after GC invocations=9 (full 1):
 PSYoungGen      total 211456K, used 6431K [0x00000000eab00000, 0x00000000f8a00000, 0x0000000100000000)
  eden space 204800K, 0% used [0x00000000eab00000,0x00000000eab00000,0x00000000f7300000)
  from space 6656K, 96% used [0x00000000f8380000,0x00000000f89c7c38,0x00000000f8a00000)
  to   space 10752K, 0% used [0x00000000f7500000,0x00000000f7500000,0x00000000f7f80000)
 ParOldGen       total 57856K, used 12779K [0x00000000c0000000, 0x00000000c3880000, 0x00000000eab00000)
  object space 57856K, 22% used [0x00000000c0000000,0x00000000c0c7ade8,0x00000000c3880000)
 Metaspace       used 24065K, capacity 24802K, committed 24960K, reserved 1071104K
  class space    used 3111K, capacity 3358K, committed 3456K, reserved 1048576K
}
Event: 15.946 GC heap before
{Heap before GC invocations=10 (full 1):
 PSYoungGen      total 211456K, used 211231K [0x00000000eab00000, 0x00000000f8a00000, 0x0000000100000000)
  eden space 204800K, 100% used [0x00000000eab00000,0x00000000f7300000,0x00000000f7300000)
  from space 6656K, 96% used [0x00000000f8380000,0x00000000f89c7c38,0x00000000f8a00000)
  to   space 10752K, 0% used [0x00000000f7500000,0x00000000f7500000,0x00000000f7f80000)
 ParOldGen       total 57856K, used 12779K [0x00000000c0000000, 0x00000000c3880000, 0x00000000eab00000)
  object space 57856K, 22% used [0x00000000c0000000,0x00000000c0c7ade8,0x00000000c3880000)
 Metaspace       used 26022K, capacity 26764K, committed 27136K, reserved 1073152K
  class space    used 3440K, capacity 3723K, committed 3840K, reserved 1048576K
Event: 15.969 GC heap after
Heap after GC invocations=10 (full 1):
 PSYoungGen      total 217600K, used 10202K [0x00000000eab00000, 0x00000000fb880000, 0x0000000100000000)
  eden space 206848K, 0% used [0x00000000eab00000,0x00000000eab00000,0x00000000f7500000)
  from space 10752K, 94% used [0x00000000f7500000,0x00000000f7ef6a20,0x00000000f7f80000)
  to   space 12288K, 0% used [0x00000000fac80000,0x00000000fac80000,0x00000000fb880000)
 ParOldGen       total 57856K, used 12787K [0x00000000c0000000, 0x00000000c3880000, 0x00000000eab00000)
  object space 57856K, 22% used [0x00000000c0000000,0x00000000c0c7cde8,0x00000000c3880000)
 Metaspace       used 26022K, capacity 26764K, committed 27136K, reserved 1073152K
  class space    used 3440K, capacity 3723K, committed 3840K, reserved 1048576K
}

